{"uuid":"44d7fe24-1171-4a87-9dbb-cee49e5733bb","historyId":"84f104fbfe32011b95d2cabc2b4caf10","testCaseId":"[engine:junit-jupiter]/[class:UiTest]/[method:webTableTest()]","testCaseName":"Работа с таблицей пользователей","fullName":"UiTest.webTableTest","labels":[{"name":"junit.platform.uniqueid","value":"[engine:junit-jupiter]/[class:UiTest]/[method:webTableTest()]"},{"name":"host","value":"DESKTOP-OHCO9HB"},{"name":"thread","value":"10248@DESKTOP-OHCO9HB.main(1)"},{"name":"framework","value":"junit-platform"},{"name":"language","value":"java"},{"name":"package","value":"UiTest"},{"name":"testClass","value":"UiTest"},{"name":"testMethod","value":"webTableTest"},{"name":"suite","value":"UiTest"}],"links":[],"name":"Работа с таблицей пользователей","status":"failed","statusDetails":{"known":false,"muted":false,"flaky":false,"message":"Element should exist {.rt-tbody .rt-tr:not(.-padRow).snapshot(3 elements)[2]}\r\nElement: 'Ups, failed to describe the element [caused by: StaleElementReferenceException: stale element reference: stale element not found in the current frame]'\r\nActual value: does not exist\r\nScreenshot: file:/C:/Users/freer/OneDrive/Desktop/AQA/SelenideTest/build/reports/tests/1755003784528.0.png\r\nPage source: file:/C:/Users/freer/OneDrive/Desktop/AQA/SelenideTest/build/reports/tests/1755003784528.0.html\r\nTimeout: 4 s.","trace":"Element should exist {.rt-tbody .rt-tr:not(.-padRow).snapshot(3 elements)[2]}\r\nElement: 'Ups, failed to describe the element [caused by: StaleElementReferenceException: stale element reference: stale element not found in the current frame]'\r\nActual value: does not exist\r\nScreenshot: file:/C:/Users/freer/OneDrive/Desktop/AQA/SelenideTest/build/reports/tests/1755003784528.0.png\r\nPage source: file:/C:/Users/freer/OneDrive/Desktop/AQA/SelenideTest/build/reports/tests/1755003784528.0.html\r\nTimeout: 4 s.\r\n\tat com.codeborne.selenide.impl.WebElementSource.handleError(WebElementSource.java:146)\r\n\tat com.codeborne.selenide.impl.WebElementSource.checkConditionAndReturnElement(WebElementSource.java:123)\r\n\tat com.codeborne.selenide.impl.WebElementSource.checkCondition(WebElementSource.java:99)\r\n\tat com.codeborne.selenide.impl.ElementFinder.createElementNotFoundError(ElementFinder.java:126)\r\n\tat com.codeborne.selenide.impl.WebElementSource.handleError(WebElementSource.java:140)\r\n\tat com.codeborne.selenide.impl.WebElementSource.checkConditionAndReturnElement(WebElementSource.java:123)\r\n\tat com.codeborne.selenide.impl.WebElementSource.findAndAssertElementIsClickable(WebElementSource.java:169)\r\n\tat com.codeborne.selenide.commands.Click.findElement(Click.java:53)\r\n\tat com.codeborne.selenide.commands.Click.execute(Click.java:39)\r\n\tat com.codeborne.selenide.FluentCommand.execute(FluentCommand.java:27)\r\n\tat com.codeborne.selenide.FluentCommand.execute(FluentCommand.java:19)\r\n\tat com.codeborne.selenide.commands.Commands.execute(Commands.java:160)\r\n\tat com.codeborne.selenide.impl.SelenideElementProxy.dispatchAndRetry(SelenideElementProxy.java:131)\r\n\tat com.codeborne.selenide.impl.SelenideElementProxy.invoke(SelenideElementProxy.java:83)\r\n\tat jdk.proxy2/jdk.proxy2.$Proxy11.click(Unknown Source)\r\n\tat WebTables.lambda$clearTable$1(WebTables.java:136)\r\n\tat java.base/java.util.Iterator.forEachRemaining(Iterator.java:133)\r\n\tat java.base/java.util.Spliterators$IteratorSpliterator.forEachRemaining(Spliterators.java:1939)\r\n\tat java.base/java.util.stream.ReferencePipeline$Head.forEach(ReferencePipeline.java:762)\r\n\tat WebTables.clearTable(WebTables.java:136)\r\n\tat UiTest.webTableTest(UiTest.java:62)\r\n\tat java.base/java.lang.reflect.Method.invoke(Method.java:580)\r\n\tat java.base/java.util.ArrayList.forEach(ArrayList.java:1596)\r\n\tat java.base/java.util.ArrayList.forEach(ArrayList.java:1596)\r\n"},"stage":"finished","description":"","steps":[{"name":"$(\"open\") https://demoqa.com/webtables","status":"passed","stage":"finished","steps":[{"name":"$(\"webdriver\") create()","status":"passed","stage":"finished","steps":[],"attachments":[],"parameters":[],"start":1755003778108,"stop":1755003779137}],"attachments":[],"parameters":[],"start":1755003778100,"stop":1755003779993},{"name":"$(\"By.xpath: //span[@class='select-wrap -pageSizeOptions']//option[@value='5']\") click()","status":"passed","stage":"finished","steps":[],"attachments":[],"parameters":[],"start":1755003779995,"stop":1755003780193},{"name":"$(\".rt-tbody .rt-tr:not(.-padRow).snapshot(3 elements)[0]/.rt-td.snapshot(7 elements)[0]\") get text()","status":"passed","stage":"finished","steps":[],"attachments":[],"parameters":[],"start":1755003780217,"stop":1755003780233},{"name":"$(\".rt-tbody .rt-tr:not(.-padRow).snapshot(3 elements)[0]/.rt-td.snapshot(7 elements)[0]\") get text()","status":"passed","stage":"finished","steps":[],"attachments":[],"parameters":[],"start":1755003780233,"stop":1755003780242},{"name":"$(\".rt-tbody .rt-tr:not(.-padRow).snapshot(3 elements)[1]/.rt-td.snapshot(7 elements)[0]\") get text()","status":"passed","stage":"finished","steps":[],"attachments":[],"parameters":[],"start":1755003780252,"stop":1755003780261},{"name":"$(\".rt-tbody .rt-tr:not(.-padRow).snapshot(3 elements)[1]/.rt-td.snapshot(7 elements)[0]\") get text()","status":"passed","stage":"finished","steps":[],"attachments":[],"parameters":[],"start":1755003780261,"stop":1755003780271},{"name":"$(\".rt-tbody .rt-tr:not(.-padRow).snapshot(3 elements)[2]/.rt-td.snapshot(7 elements)[0]\") get text()","status":"passed","stage":"finished","steps":[],"attachments":[],"parameters":[],"start":1755003780277,"stop":1755003780287},{"name":"$(\".rt-tbody .rt-tr:not(.-padRow).snapshot(3 elements)[2]/.rt-td.snapshot(7 elements)[0]\") get text()","status":"passed","stage":"finished","steps":[],"attachments":[],"parameters":[],"start":1755003780287,"stop":1755003780296},{"name":"$(\".rt-tbody .rt-tr:not(.-padRow).snapshot(3 elements)[0]/.action-buttons span[title='Delete']\") click()","status":"passed","stage":"finished","steps":[],"attachments":[],"parameters":[],"start":1755003780302,"stop":1755003780390},{"name":"$(\".rt-tbody .rt-tr:not(.-padRow).snapshot(3 elements)[1]/.action-buttons span[title='Delete']\") click()","status":"passed","stage":"finished","steps":[],"attachments":[],"parameters":[],"start":1755003780390,"stop":1755003780444},{"name":"$(\".rt-tbody .rt-tr:not(.-padRow).snapshot(3 elements)[2]/.action-buttons span[title='Delete']\") click()","status":"failed","statusDetails":{"known":false,"muted":false,"flaky":false,"message":"Element should exist {.rt-tbody .rt-tr:not(.-padRow).snapshot(3 elements)[2]}\r\nElement: 'Ups, failed to describe the element [caused by: StaleElementReferenceException: stale element reference: stale element not found in the current frame]'\r\nActual value: does not exist\r\nScreenshot: file:/C:/Users/freer/OneDrive/Desktop/AQA/SelenideTest/build/reports/tests/1755003784528.0.png\r\nPage source: file:/C:/Users/freer/OneDrive/Desktop/AQA/SelenideTest/build/reports/tests/1755003784528.0.html\r\nTimeout: 4 s.","trace":"Element should exist {.rt-tbody .rt-tr:not(.-padRow).snapshot(3 elements)[2]}\r\nElement: 'Ups, failed to describe the element [caused by: StaleElementReferenceException: stale element reference: stale element not found in the current frame]'\r\nActual value: does not exist\r\nScreenshot: file:/C:/Users/freer/OneDrive/Desktop/AQA/SelenideTest/build/reports/tests/1755003784528.0.png\r\nPage source: file:/C:/Users/freer/OneDrive/Desktop/AQA/SelenideTest/build/reports/tests/1755003784528.0.html\r\nTimeout: 4 s.\r\n\tat com.codeborne.selenide.impl.WebElementSource.handleError(WebElementSource.java:146)\r\n\tat com.codeborne.selenide.impl.WebElementSource.checkConditionAndReturnElement(WebElementSource.java:123)\r\n\tat com.codeborne.selenide.impl.WebElementSource.checkCondition(WebElementSource.java:99)\r\n\tat com.codeborne.selenide.impl.ElementFinder.createElementNotFoundError(ElementFinder.java:126)\r\n\tat com.codeborne.selenide.impl.WebElementSource.handleError(WebElementSource.java:140)\r\n\tat com.codeborne.selenide.impl.WebElementSource.checkConditionAndReturnElement(WebElementSource.java:123)\r\n\tat com.codeborne.selenide.impl.WebElementSource.findAndAssertElementIsClickable(WebElementSource.java:169)\r\n\tat com.codeborne.selenide.commands.Click.findElement(Click.java:53)\r\n\tat com.codeborne.selenide.commands.Click.execute(Click.java:39)\r\n\tat com.codeborne.selenide.FluentCommand.execute(FluentCommand.java:27)\r\n\tat com.codeborne.selenide.FluentCommand.execute(FluentCommand.java:19)\r\n\tat com.codeborne.selenide.commands.Commands.execute(Commands.java:160)\r\n\tat com.codeborne.selenide.impl.SelenideElementProxy.dispatchAndRetry(SelenideElementProxy.java:131)\r\n\tat com.codeborne.selenide.impl.SelenideElementProxy.invoke(SelenideElementProxy.java:83)\r\n\tat jdk.proxy2/jdk.proxy2.$Proxy11.click(Unknown Source)\r\n\tat WebTables.lambda$clearTable$1(WebTables.java:136)\r\n\tat java.base/java.util.Iterator.forEachRemaining(Iterator.java:133)\r\n\tat java.base/java.util.Spliterators$IteratorSpliterator.forEachRemaining(Spliterators.java:1939)\r\n\tat java.base/java.util.stream.ReferencePipeline$Head.forEach(ReferencePipeline.java:762)\r\n\tat WebTables.clearTable(WebTables.java:136)\r\n\tat UiTest.webTableTest(UiTest.java:62)\r\n\tat java.base/jdk.internal.reflect.DirectMethodHandleAccessor.invoke(DirectMethodHandleAccessor.java:103)\r\n\tat java.base/java.lang.reflect.Method.invoke(Method.java:580)\r\n\tat org.junit.platform.commons.util.ReflectionUtils.invokeMethod(ReflectionUtils.java:728)\r\n\tat org.junit.jupiter.engine.execution.MethodInvocation.proceed(MethodInvocation.java:60)\r\n\tat org.junit.jupiter.engine.execution.InvocationInterceptorChain$ValidatingInvocation.proceed(InvocationInterceptorChain.java:131)\r\n\tat org.junit.jupiter.engine.extension.TimeoutExtension.intercept(TimeoutExtension.java:156)\r\n\tat org.junit.jupiter.engine.extension.TimeoutExtension.interceptTestableMethod(TimeoutExtension.java:147)\r\n\tat org.junit.jupiter.engine.extension.TimeoutExtension.interceptTestMethod(TimeoutExtension.java:86)\r\n\tat org.junit.jupiter.engine.execution.InterceptingExecutableInvoker$ReflectiveInterceptorCall.lambda$ofVoidMethod$0(InterceptingExecutableInvoker.java:103)\r\n\tat org.junit.jupiter.engine.execution.InterceptingExecutableInvoker.lambda$invoke$0(InterceptingExecutableInvoker.java:93)\r\n\tat org.junit.jupiter.engine.execution.InvocationInterceptorChain$InterceptedInvocation.proceed(InvocationInterceptorChain.java:106)\r\n\tat org.junit.jupiter.engine.execution.InvocationInterceptorChain.proceed(InvocationInterceptorChain.java:64)\r\n\tat org.junit.jupiter.engine.execution.InvocationInterceptorChain.chainAndInvoke(InvocationInterceptorChain.java:45)\r\n\tat org.junit.jupiter.engine.execution.InvocationInterceptorChain.invoke(InvocationInterceptorChain.java:37)\r\n\tat org.junit.jupiter.engine.execution.InterceptingExecutableInvoker.invoke(InterceptingExecutableInvoker.java:92)\r\n\tat org.junit.jupiter.engine.execution.InterceptingExecutableInvoker.invoke(InterceptingExecutableInvoker.java:86)\r\n\tat org.junit.jupiter.engine.descriptor.TestMethodTestDescriptor.lambda$invokeTestMethod$7(TestMethodTestDescriptor.java:218)\r\n\tat org.junit.platform.engine.support.hierarchical.ThrowableCollector.execute(ThrowableCollector.java:73)\r\n\tat org.junit.jupiter.engine.descriptor.TestMethodTestDescriptor.invokeTestMethod(TestMethodTestDescriptor.java:214)\r\n\tat org.junit.jupiter.engine.descriptor.TestMethodTestDescriptor.execute(TestMethodTestDescriptor.java:139)\r\n\tat org.junit.jupiter.engine.descriptor.TestMethodTestDescriptor.execute(TestMethodTestDescriptor.java:69)\r\n\tat org.junit.platform.engine.support.hierarchical.NodeTestTask.lambda$executeRecursively$6(NodeTestTask.java:151)\r\n\tat org.junit.platform.engine.support.hierarchical.ThrowableCollector.execute(ThrowableCollector.java:73)\r\n\tat org.junit.platform.engine.support.hierarchical.NodeTestTask.lambda$executeRecursively$8(NodeTestTask.java:141)\r\n\tat org.junit.platform.engine.support.hierarchical.Node.around(Node.java:137)\r\n\tat org.junit.platform.engine.support.hierarchical.NodeTestTask.lambda$executeRecursively$9(NodeTestTask.java:139)\r\n\tat org.junit.platform.engine.support.hierarchical.ThrowableCollector.execute(ThrowableCollector.java:73)\r\n\tat org.junit.platform.engine.support.hierarchical.NodeTestTask.executeRecursively(NodeTestTask.java:138)\r\n\tat org.junit.platform.engine.support.hierarchical.NodeTestTask.execute(NodeTestTask.java:95)\r\n\tat java.base/java.util.ArrayList.forEach(ArrayList.java:1596)\r\n\tat org.junit.platform.engine.support.hierarchical.SameThreadHierarchicalTestExecutorService.invokeAll(SameThreadHierarchicalTestExecutorService.java:41)\r\n\tat org.junit.platform.engine.support.hierarchical.NodeTestTask.lambda$executeRecursively$6(NodeTestTask.java:155)\r\n\tat org.junit.platform.engine.support.hierarchical.ThrowableCollector.execute(ThrowableCollector.java:73)\r\n\tat org.junit.platform.engine.support.hierarchical.NodeTestTask.lambda$executeRecursively$8(NodeTestTask.java:141)\r\n\tat org.junit.platform.engine.support.hierarchical.Node.around(Node.java:137)\r\n\tat org.junit.platform.engine.support.hierarchical.NodeTestTask.lambda$executeRecursively$9(NodeTestTask.java:139)\r\n\tat org.junit.platform.engine.support.hierarchical.ThrowableCollector.execute(ThrowableCollector.java:73)\r\n\tat org.junit.platform.engine.support.hierarchical.NodeTestTask.executeRecursively(NodeTestTask.java:138)\r\n\tat org.junit.platform.engine.support.hierarchical.NodeTestTask.execute(NodeTestTask.java:95)\r\n\tat java.base/java.util.ArrayList.forEach(ArrayList.java:1596)\r\n\tat org.junit.platform.engine.support.hierarchical.SameThreadHierarchicalTestExecutorService.invokeAll(SameThreadHierarchicalTestExecutorService.java:41)\r\n\tat org.junit.platform.engine.support.hierarchical.NodeTestTask.lambda$executeRecursively$6(NodeTestTask.java:155)\r\n\tat org.junit.platform.engine.support.hierarchical.ThrowableCollector.execute(ThrowableCollector.java:73)\r\n\tat org.junit.platform.engine.support.hierarchical.NodeTestTask.lambda$executeRecursively$8(NodeTestTask.java:141)\r\n\tat org.junit.platform.engine.support.hierarchical.Node.around(Node.java:137)\r\n\tat org.junit.platform.engine.support.hierarchical.NodeTestTask.lambda$executeRecursively$9(NodeTestTask.java:139)\r\n\tat org.junit.platform.engine.support.hierarchical.ThrowableCollector.execute(ThrowableCollector.java:73)\r\n\tat org.junit.platform.engine.support.hierarchical.NodeTestTask.executeRecursively(NodeTestTask.java:138)\r\n\tat org.junit.platform.engine.support.hierarchical.NodeTestTask.execute(NodeTestTask.java:95)\r\n\tat org.junit.platform.engine.support.hierarchical.SameThreadHierarchicalTestExecutorService.submit(SameThreadHierarchicalTestExecutorService.java:35)\r\n\tat org.junit.platform.engine.support.hierarchical.HierarchicalTestExecutor.execute(HierarchicalTestExecutor.java:57)\r\n\tat org.junit.platform.engine.support.hierarchical.HierarchicalTestEngine.execute(HierarchicalTestEngine.java:54)\r\n\tat org.junit.platform.launcher.core.EngineExecutionOrchestrator.execute(EngineExecutionOrchestrator.java:198)\r\n\tat org.junit.platform.launcher.core.EngineExecutionOrchestrator.execute(EngineExecutionOrchestrator.java:169)\r\n\tat org.junit.platform.launcher.core.EngineExecutionOrchestrator.execute(EngineExecutionOrchestrator.java:93)\r\n\tat org.junit.platform.launcher.core.EngineExecutionOrchestrator.lambda$execute$0(EngineExecutionOrchestrator.java:58)\r\n\tat org.junit.platform.launcher.core.EngineExecutionOrchestrator.withInterceptedStreams(EngineExecutionOrchestrator.java:141)\r\n\tat org.junit.platform.launcher.core.EngineExecutionOrchestrator.execute(EngineExecutionOrchestrator.java:57)\r\n\tat org.junit.platform.launcher.core.DefaultLauncher.execute(DefaultLauncher.java:103)\r\n\tat org.junit.platform.launcher.core.DefaultLauncher.execute(DefaultLauncher.java:85)\r\n\tat org.junit.platform.launcher.core.DelegatingLauncher.execute(DelegatingLauncher.java:47)\r\n\tat org.junit.platform.launcher.core.SessionPerRequestLauncher.execute(SessionPerRequestLauncher.java:63)\r\n\tat com.intellij.junit5.JUnit5IdeaTestRunner.startRunnerWithArgs(JUnit5IdeaTestRunner.java:57)\r\n\tat com.intellij.rt.junit.IdeaTestRunner$Repeater$1.execute(IdeaTestRunner.java:38)\r\n\tat com.intellij.rt.execution.junit.TestsRepeater.repeat(TestsRepeater.java:11)\r\n\tat com.intellij.rt.junit.IdeaTestRunner$Repeater.startRunnerWithArgs(IdeaTestRunner.java:35)\r\n\tat com.intellij.rt.junit.JUnitStarter.prepareStreamsAndStart(JUnitStarter.java:232)\r\n\tat com.intellij.rt.junit.JUnitStarter.main(JUnitStarter.java:55)\r\n"},"stage":"finished","steps":[],"attachments":[{"name":"Screenshot","source":"d3b2b020-4fe9-4617-a914-51d56c89ba40-attachment.png","type":"image/png"},{"name":"Page source","source":"dfb8fd29-9b15-4eba-baf0-ff3db102313d-attachment.html","type":"text/html"}],"parameters":[],"start":1755003780445,"stop":1755003784824}],"attachments":[],"parameters":[],"start":1755003777675,"stop":1755003784838}