{"uuid":"72ecddd2-8510-42e7-a386-0d721931b792","historyId":"cc11ec41454ab2af9f409064c5e909c1","testCaseId":"[engine:junit-jupiter]/[class:UiTest]/[method:countRowsTes()]","testCaseName":"countRowsTes()","fullName":"UiTest.countRowsTes","labels":[{"name":"junit.platform.uniqueid","value":"[engine:junit-jupiter]/[class:UiTest]/[method:countRowsTes()]"},{"name":"host","value":"DESKTOP-OHCO9HB"},{"name":"thread","value":"9040@DESKTOP-OHCO9HB.main(1)"},{"name":"framework","value":"junit-platform"},{"name":"language","value":"java"},{"name":"package","value":"UiTest"},{"name":"testClass","value":"UiTest"},{"name":"testMethod","value":"countRowsTes"},{"name":"suite","value":"UiTest"}],"links":[],"name":"countRowsTes()","status":"failed","statusDetails":{"known":false,"muted":false,"flaky":false,"message":"Element not found {#delete-record-1 > svg}\r\nExpected: clickable: interactable and enabled\r\nScreenshot: file:/C:/Users/freer/OneDrive/Desktop/AQA/SelenideTest/build/reports/tests/1754914104403.0.png\r\nPage source: file:/C:/Users/freer/OneDrive/Desktop/AQA/SelenideTest/build/reports/tests/1754914104403.0.html\r\nTimeout: 4 s.\r\nCaused by: NoSuchElementException: no such element: Unable to locate element: {\"method\":\"css selector\",\"selector\":\"#delete-record-1 > svg\"}","trace":"Element not found {#delete-record-1 > svg}\r\nExpected: clickable: interactable and enabled\r\nScreenshot: file:/C:/Users/freer/OneDrive/Desktop/AQA/SelenideTest/build/reports/tests/1754914104403.0.png\r\nPage source: file:/C:/Users/freer/OneDrive/Desktop/AQA/SelenideTest/build/reports/tests/1754914104403.0.html\r\nTimeout: 4 s.\r\nCaused by: NoSuchElementException: no such element: Unable to locate element: {\"method\":\"css selector\",\"selector\":\"#delete-record-1 > svg\"}\r\n\tat com.codeborne.selenide.impl.WebElementSource.createElementNotFoundError(WebElementSource.java:89)\r\n\tat com.codeborne.selenide.impl.ElementFinder.createElementNotFoundError(ElementFinder.java:129)\r\n\tat com.codeborne.selenide.impl.WebElementSource.handleError(WebElementSource.java:140)\r\n\tat com.codeborne.selenide.impl.WebElementSource.checkConditionAndReturnElement(WebElementSource.java:123)\r\n\tat com.codeborne.selenide.impl.WebElementSource.findAndAssertElementIsClickable(WebElementSource.java:169)\r\n\tat com.codeborne.selenide.commands.Click.findElement(Click.java:53)\r\n\tat com.codeborne.selenide.commands.Click.execute(Click.java:39)\r\n\tat com.codeborne.selenide.FluentCommand.execute(FluentCommand.java:27)\r\n\tat com.codeborne.selenide.FluentCommand.execute(FluentCommand.java:19)\r\n\tat com.codeborne.selenide.commands.Commands.execute(Commands.java:160)\r\n\tat com.codeborne.selenide.impl.SelenideElementProxy.dispatchAndRetry(SelenideElementProxy.java:131)\r\n\tat com.codeborne.selenide.impl.SelenideElementProxy.invoke(SelenideElementProxy.java:83)\r\n\tat jdk.proxy2/jdk.proxy2.$Proxy10.click(Unknown Source)\r\n\tat WebTables.removeRows(WebTables.java:49)\r\n\tat UiTest.countRowsTes(UiTest.java:60)\r\n\tat java.base/java.lang.reflect.Method.invoke(Method.java:580)\r\n\tat java.base/java.util.ArrayList.forEach(ArrayList.java:1596)\r\n\tat java.base/java.util.ArrayList.forEach(ArrayList.java:1596)\r\nCaused by: org.openqa.selenium.NoSuchElementException: no such element: Unable to locate element: {\"method\":\"css selector\",\"selector\":\"#delete-record-1 > svg\"}\n  (Session info: chrome=138.0.7204.184)\nFor documentation on this error, please visit: https://www.selenium.dev/documentation/webdriver/troubleshooting/errors#no-such-element-exception\nBuild info: version: '4.34.0', revision: '707dcb4246*'\nSystem info: os.name: 'Windows 10', os.arch: 'amd64', os.version: '10.0', java.version: '21.0.6'\nDriver info: org.openqa.selenium.chrome.ChromeDriver\nCommand: [02d780dd11cf87824e8a41357c7174e0, findElement {value=#delete-record-1 > svg, using=css selector}]\nCapabilities {acceptInsecureCerts: true, browserName: chrome, browserVersion: 138.0.7204.184, chrome: {chromedriverVersion: 138.0.7204.183 (e90faf484dd..., userDataDir: C:\\Users\\freer\\AppData\\Loca...}, fedcm:accounts: true, goog:chromeOptions: {debuggerAddress: localhost:54002}, networkConnectionEnabled: false, pageLoadStrategy: eager, platformName: windows, proxy: Proxy(), se:cdp: ws://localhost:54002/devtoo..., se:cdpVersion: 138.0.7204.184, setWindowRect: true, strictFileInteractability: false, timeouts: {implicit: 0, pageLoad: 300000, script: 30000}, unhandledPromptBehavior: accept, webauthn:extension:credBlob: true, webauthn:extension:largeBlob: true, webauthn:extension:minPinLength: true, webauthn:extension:prf: true, webauthn:virtualAuthenticators: true}\nSession ID: 02d780dd11cf87824e8a41357c7174e0\r\n\tat java.base/jdk.internal.reflect.DirectConstructorHandleAccessor.newInstance(DirectConstructorHandleAccessor.java:62)\r\n\tat java.base/java.lang.reflect.Constructor.newInstanceWithCaller(Constructor.java:502)\r\n\tat java.base/java.lang.reflect.Constructor.newInstance(Constructor.java:486)\r\n\tat org.openqa.selenium.remote.ErrorCodec.decode(ErrorCodec.java:167)\r\n\tat org.openqa.selenium.remote.codec.w3c.W3CHttpResponseCodec.decode(W3CHttpResponseCodec.java:138)\r\n\tat org.openqa.selenium.remote.codec.w3c.W3CHttpResponseCodec.decode(W3CHttpResponseCodec.java:50)\r\n\tat org.openqa.selenium.remote.HttpCommandExecutor.execute(HttpCommandExecutor.java:215)\r\n\tat org.openqa.selenium.remote.service.DriverCommandExecutor.invokeExecute(DriverCommandExecutor.java:216)\r\n\tat org.openqa.selenium.remote.service.DriverCommandExecutor.execute(DriverCommandExecutor.java:174)\r\n\tat org.openqa.selenium.remote.RemoteWebDriver.execute(RemoteWebDriver.java:544)\r\n\tat org.openqa.selenium.remote.ElementLocation$ElementFinder$2.findElement(ElementLocation.java:165)\r\n\tat org.openqa.selenium.remote.ElementLocation.findElement(ElementLocation.java:59)\r\n\tat org.openqa.selenium.remote.RemoteWebDriver.findElement(RemoteWebDriver.java:367)\r\n\tat org.openqa.selenium.remote.RemoteWebDriver.findElement(RemoteWebDriver.java:361)\r\n\tat com.codeborne.selenide.impl.WebElementSelector.findElement(WebElementSelector.java:67)\r\n\tat com.codeborne.selenide.impl.WebElementSelector.findElement(WebElementSelector.java:38)\r\n\tat com.codeborne.selenide.impl.WebElementSelector.findElement(WebElementSelector.java:29)\r\n\tat com.codeborne.selenide.impl.ElementFinder.getWebElement(ElementFinder.java:113)\r\n\tat com.codeborne.selenide.impl.WebElementSource.checkConditionAndReturnElement(WebElementSource.java:112)\r\n\t... 14 more\r\n"},"stage":"finished","description":"","steps":[{"name":"$(\"open\") https://demoqa.com/webtables","status":"passed","stage":"finished","steps":[{"name":"$(\"webdriver\") create()","status":"passed","stage":"finished","steps":[],"attachments":[],"parameters":[],"start":1754914097228,"stop":1754914098320}],"attachments":[],"parameters":[],"start":1754914097220,"stop":1754914099238},{"name":"$(\".rt-tbody .rt-tr:not(.-padRow).snapshot(3 elements)[0]/.rt-td.snapshot(7 elements)[0]\") get text()","status":"passed","stage":"finished","steps":[],"attachments":[],"parameters":[],"start":1754914099350,"stop":1754914099369},{"name":"$(\".rt-tbody .rt-tr:not(.-padRow).snapshot(3 elements)[0]/.rt-td.snapshot(7 elements)[0]\") get text()","status":"passed","stage":"finished","steps":[],"attachments":[],"parameters":[],"start":1754914099370,"stop":1754914099382},{"name":"$(\".rt-tbody .rt-tr:not(.-padRow).snapshot(3 elements)[1]/.rt-td.snapshot(7 elements)[0]\") get text()","status":"passed","stage":"finished","steps":[],"attachments":[],"parameters":[],"start":1754914099393,"stop":1754914099406},{"name":"$(\".rt-tbody .rt-tr:not(.-padRow).snapshot(3 elements)[1]/.rt-td.snapshot(7 elements)[0]\") get text()","status":"passed","stage":"finished","steps":[],"attachments":[],"parameters":[],"start":1754914099406,"stop":1754914099417},{"name":"$(\".rt-tbody .rt-tr:not(.-padRow).snapshot(3 elements)[2]/.rt-td.snapshot(7 elements)[0]\") get text()","status":"passed","stage":"finished","steps":[],"attachments":[],"parameters":[],"start":1754914099424,"stop":1754914099435},{"name":"$(\".rt-tbody .rt-tr:not(.-padRow).snapshot(3 elements)[2]/.rt-td.snapshot(7 elements)[0]\") get text()","status":"passed","stage":"finished","steps":[],"attachments":[],"parameters":[],"start":1754914099435,"stop":1754914099446},{"name":"$(\"#addNewRecordButton\") click()","status":"passed","stage":"finished","steps":[],"attachments":[],"parameters":[],"start":1754914099447,"stop":1754914099606},{"name":"$(\"#firstName\") set value(Ilya)","status":"passed","stage":"finished","steps":[],"attachments":[],"parameters":[],"start":1754914099607,"stop":1754914099720},{"name":"$(\"#lastName\") set value(Ilya Test)","status":"passed","stage":"finished","steps":[],"attachments":[],"parameters":[],"start":1754914099720,"stop":1754914099818},{"name":"$(\"#userEmail\") set value(ilya@test.com)","status":"passed","stage":"finished","steps":[],"attachments":[],"parameters":[],"start":1754914099818,"stop":1754914099916},{"name":"$(\"#age\") set value(24)","status":"passed","stage":"finished","steps":[],"attachments":[],"parameters":[],"start":1754914099916,"stop":1754914099984},{"name":"$(\"#salary\") set value(1000)","status":"passed","stage":"finished","steps":[],"attachments":[],"parameters":[],"start":1754914099984,"stop":1754914100054},{"name":"$(\"#department\") set value(VRN)","status":"passed","stage":"finished","steps":[],"attachments":[],"parameters":[],"start":1754914100054,"stop":1754914100121},{"name":"$(\"#submit\") click()","status":"passed","stage":"finished","steps":[],"attachments":[],"parameters":[],"start":1754914100122,"stop":1754914100183},{"name":"$(\".rt-tbody .rt-tr:not(.-padRow).snapshot(4 elements)[0]/.rt-td.snapshot(7 elements)[0]\") get text()","status":"passed","stage":"finished","steps":[],"attachments":[],"parameters":[],"start":1754914100205,"stop":1754914100215},{"name":"$(\".rt-tbody .rt-tr:not(.-padRow).snapshot(4 elements)[0]/.rt-td.snapshot(7 elements)[0]\") get text()","status":"passed","stage":"finished","steps":[],"attachments":[],"parameters":[],"start":1754914100215,"stop":1754914100227},{"name":"$(\".rt-tbody .rt-tr:not(.-padRow).snapshot(4 elements)[1]/.rt-td.snapshot(7 elements)[0]\") get text()","status":"passed","stage":"finished","steps":[],"attachments":[],"parameters":[],"start":1754914100235,"stop":1754914100244},{"name":"$(\".rt-tbody .rt-tr:not(.-padRow).snapshot(4 elements)[1]/.rt-td.snapshot(7 elements)[0]\") get text()","status":"passed","stage":"finished","steps":[],"attachments":[],"parameters":[],"start":1754914100244,"stop":1754914100254},{"name":"$(\".rt-tbody .rt-tr:not(.-padRow).snapshot(4 elements)[2]/.rt-td.snapshot(7 elements)[0]\") get text()","status":"passed","stage":"finished","steps":[],"attachments":[],"parameters":[],"start":1754914100262,"stop":1754914100271},{"name":"$(\".rt-tbody .rt-tr:not(.-padRow).snapshot(4 elements)[2]/.rt-td.snapshot(7 elements)[0]\") get text()","status":"passed","stage":"finished","steps":[],"attachments":[],"parameters":[],"start":1754914100271,"stop":1754914100279},{"name":"$(\".rt-tbody .rt-tr:not(.-padRow).snapshot(4 elements)[3]/.rt-td.snapshot(7 elements)[0]\") get text()","status":"passed","stage":"finished","steps":[],"attachments":[],"parameters":[],"start":1754914100285,"stop":1754914100293},{"name":"$(\".rt-tbody .rt-tr:not(.-padRow).snapshot(4 elements)[3]/.rt-td.snapshot(7 elements)[0]\") get text()","status":"passed","stage":"finished","steps":[],"attachments":[],"parameters":[],"start":1754914100293,"stop":1754914100303},{"name":"$(\"#delete-record-1 > svg\") click()","status":"passed","stage":"finished","steps":[],"attachments":[],"parameters":[],"start":1754914100304,"stop":1754914100361},{"name":"$(\"#delete-record-1 > svg\") click()","status":"failed","statusDetails":{"known":false,"muted":false,"flaky":false,"message":"Element not found {#delete-record-1 > svg}\r\nExpected: clickable: interactable and enabled\r\nScreenshot: file:/C:/Users/freer/OneDrive/Desktop/AQA/SelenideTest/build/reports/tests/1754914104403.0.png\r\nPage source: file:/C:/Users/freer/OneDrive/Desktop/AQA/SelenideTest/build/reports/tests/1754914104403.0.html\r\nTimeout: 4 s.\r\nCaused by: NoSuchElementException: no such element: Unable to locate element: {\"method\":\"css selector\",\"selector\":\"#delete-record-1 > svg\"}","trace":"Element not found {#delete-record-1 > svg}\r\nExpected: clickable: interactable and enabled\r\nScreenshot: file:/C:/Users/freer/OneDrive/Desktop/AQA/SelenideTest/build/reports/tests/1754914104403.0.png\r\nPage source: file:/C:/Users/freer/OneDrive/Desktop/AQA/SelenideTest/build/reports/tests/1754914104403.0.html\r\nTimeout: 4 s.\r\nCaused by: NoSuchElementException: no such element: Unable to locate element: {\"method\":\"css selector\",\"selector\":\"#delete-record-1 > svg\"}\r\n\tat com.codeborne.selenide.impl.WebElementSource.createElementNotFoundError(WebElementSource.java:89)\r\n\tat com.codeborne.selenide.impl.ElementFinder.createElementNotFoundError(ElementFinder.java:129)\r\n\tat com.codeborne.selenide.impl.WebElementSource.handleError(WebElementSource.java:140)\r\n\tat com.codeborne.selenide.impl.WebElementSource.checkConditionAndReturnElement(WebElementSource.java:123)\r\n\tat com.codeborne.selenide.impl.WebElementSource.findAndAssertElementIsClickable(WebElementSource.java:169)\r\n\tat com.codeborne.selenide.commands.Click.findElement(Click.java:53)\r\n\tat com.codeborne.selenide.commands.Click.execute(Click.java:39)\r\n\tat com.codeborne.selenide.FluentCommand.execute(FluentCommand.java:27)\r\n\tat com.codeborne.selenide.FluentCommand.execute(FluentCommand.java:19)\r\n\tat com.codeborne.selenide.commands.Commands.execute(Commands.java:160)\r\n\tat com.codeborne.selenide.impl.SelenideElementProxy.dispatchAndRetry(SelenideElementProxy.java:131)\r\n\tat com.codeborne.selenide.impl.SelenideElementProxy.invoke(SelenideElementProxy.java:83)\r\n\tat jdk.proxy2/jdk.proxy2.$Proxy10.click(Unknown Source)\r\n\tat WebTables.removeRows(WebTables.java:49)\r\n\tat UiTest.countRowsTes(UiTest.java:60)\r\n\tat java.base/jdk.internal.reflect.DirectMethodHandleAccessor.invoke(DirectMethodHandleAccessor.java:103)\r\n\tat java.base/java.lang.reflect.Method.invoke(Method.java:580)\r\n\tat org.junit.platform.commons.util.ReflectionUtils.invokeMethod(ReflectionUtils.java:728)\r\n\tat org.junit.jupiter.engine.execution.MethodInvocation.proceed(MethodInvocation.java:60)\r\n\tat org.junit.jupiter.engine.execution.InvocationInterceptorChain$ValidatingInvocation.proceed(InvocationInterceptorChain.java:131)\r\n\tat org.junit.jupiter.engine.extension.TimeoutExtension.intercept(TimeoutExtension.java:156)\r\n\tat org.junit.jupiter.engine.extension.TimeoutExtension.interceptTestableMethod(TimeoutExtension.java:147)\r\n\tat org.junit.jupiter.engine.extension.TimeoutExtension.interceptTestMethod(TimeoutExtension.java:86)\r\n\tat org.junit.jupiter.engine.execution.InterceptingExecutableInvoker$ReflectiveInterceptorCall.lambda$ofVoidMethod$0(InterceptingExecutableInvoker.java:103)\r\n\tat org.junit.jupiter.engine.execution.InterceptingExecutableInvoker.lambda$invoke$0(InterceptingExecutableInvoker.java:93)\r\n\tat org.junit.jupiter.engine.execution.InvocationInterceptorChain$InterceptedInvocation.proceed(InvocationInterceptorChain.java:106)\r\n\tat org.junit.jupiter.engine.execution.InvocationInterceptorChain.proceed(InvocationInterceptorChain.java:64)\r\n\tat org.junit.jupiter.engine.execution.InvocationInterceptorChain.chainAndInvoke(InvocationInterceptorChain.java:45)\r\n\tat org.junit.jupiter.engine.execution.InvocationInterceptorChain.invoke(InvocationInterceptorChain.java:37)\r\n\tat org.junit.jupiter.engine.execution.InterceptingExecutableInvoker.invoke(InterceptingExecutableInvoker.java:92)\r\n\tat org.junit.jupiter.engine.execution.InterceptingExecutableInvoker.invoke(InterceptingExecutableInvoker.java:86)\r\n\tat org.junit.jupiter.engine.descriptor.TestMethodTestDescriptor.lambda$invokeTestMethod$7(TestMethodTestDescriptor.java:218)\r\n\tat org.junit.platform.engine.support.hierarchical.ThrowableCollector.execute(ThrowableCollector.java:73)\r\n\tat org.junit.jupiter.engine.descriptor.TestMethodTestDescriptor.invokeTestMethod(TestMethodTestDescriptor.java:214)\r\n\tat org.junit.jupiter.engine.descriptor.TestMethodTestDescriptor.execute(TestMethodTestDescriptor.java:139)\r\n\tat org.junit.jupiter.engine.descriptor.TestMethodTestDescriptor.execute(TestMethodTestDescriptor.java:69)\r\n\tat org.junit.platform.engine.support.hierarchical.NodeTestTask.lambda$executeRecursively$6(NodeTestTask.java:151)\r\n\tat org.junit.platform.engine.support.hierarchical.ThrowableCollector.execute(ThrowableCollector.java:73)\r\n\tat org.junit.platform.engine.support.hierarchical.NodeTestTask.lambda$executeRecursively$8(NodeTestTask.java:141)\r\n\tat org.junit.platform.engine.support.hierarchical.Node.around(Node.java:137)\r\n\tat org.junit.platform.engine.support.hierarchical.NodeTestTask.lambda$executeRecursively$9(NodeTestTask.java:139)\r\n\tat org.junit.platform.engine.support.hierarchical.ThrowableCollector.execute(ThrowableCollector.java:73)\r\n\tat org.junit.platform.engine.support.hierarchical.NodeTestTask.executeRecursively(NodeTestTask.java:138)\r\n\tat org.junit.platform.engine.support.hierarchical.NodeTestTask.execute(NodeTestTask.java:95)\r\n\tat java.base/java.util.ArrayList.forEach(ArrayList.java:1596)\r\n\tat org.junit.platform.engine.support.hierarchical.SameThreadHierarchicalTestExecutorService.invokeAll(SameThreadHierarchicalTestExecutorService.java:41)\r\n\tat org.junit.platform.engine.support.hierarchical.NodeTestTask.lambda$executeRecursively$6(NodeTestTask.java:155)\r\n\tat org.junit.platform.engine.support.hierarchical.ThrowableCollector.execute(ThrowableCollector.java:73)\r\n\tat org.junit.platform.engine.support.hierarchical.NodeTestTask.lambda$executeRecursively$8(NodeTestTask.java:141)\r\n\tat org.junit.platform.engine.support.hierarchical.Node.around(Node.java:137)\r\n\tat org.junit.platform.engine.support.hierarchical.NodeTestTask.lambda$executeRecursively$9(NodeTestTask.java:139)\r\n\tat org.junit.platform.engine.support.hierarchical.ThrowableCollector.execute(ThrowableCollector.java:73)\r\n\tat org.junit.platform.engine.support.hierarchical.NodeTestTask.executeRecursively(NodeTestTask.java:138)\r\n\tat org.junit.platform.engine.support.hierarchical.NodeTestTask.execute(NodeTestTask.java:95)\r\n\tat java.base/java.util.ArrayList.forEach(ArrayList.java:1596)\r\n\tat org.junit.platform.engine.support.hierarchical.SameThreadHierarchicalTestExecutorService.invokeAll(SameThreadHierarchicalTestExecutorService.java:41)\r\n\tat org.junit.platform.engine.support.hierarchical.NodeTestTask.lambda$executeRecursively$6(NodeTestTask.java:155)\r\n\tat org.junit.platform.engine.support.hierarchical.ThrowableCollector.execute(ThrowableCollector.java:73)\r\n\tat org.junit.platform.engine.support.hierarchical.NodeTestTask.lambda$executeRecursively$8(NodeTestTask.java:141)\r\n\tat org.junit.platform.engine.support.hierarchical.Node.around(Node.java:137)\r\n\tat org.junit.platform.engine.support.hierarchical.NodeTestTask.lambda$executeRecursively$9(NodeTestTask.java:139)\r\n\tat org.junit.platform.engine.support.hierarchical.ThrowableCollector.execute(ThrowableCollector.java:73)\r\n\tat org.junit.platform.engine.support.hierarchical.NodeTestTask.executeRecursively(NodeTestTask.java:138)\r\n\tat org.junit.platform.engine.support.hierarchical.NodeTestTask.execute(NodeTestTask.java:95)\r\n\tat org.junit.platform.engine.support.hierarchical.SameThreadHierarchicalTestExecutorService.submit(SameThreadHierarchicalTestExecutorService.java:35)\r\n\tat org.junit.platform.engine.support.hierarchical.HierarchicalTestExecutor.execute(HierarchicalTestExecutor.java:57)\r\n\tat org.junit.platform.engine.support.hierarchical.HierarchicalTestEngine.execute(HierarchicalTestEngine.java:54)\r\n\tat org.junit.platform.launcher.core.EngineExecutionOrchestrator.execute(EngineExecutionOrchestrator.java:198)\r\n\tat org.junit.platform.launcher.core.EngineExecutionOrchestrator.execute(EngineExecutionOrchestrator.java:169)\r\n\tat org.junit.platform.launcher.core.EngineExecutionOrchestrator.execute(EngineExecutionOrchestrator.java:93)\r\n\tat org.junit.platform.launcher.core.EngineExecutionOrchestrator.lambda$execute$0(EngineExecutionOrchestrator.java:58)\r\n\tat org.junit.platform.launcher.core.EngineExecutionOrchestrator.withInterceptedStreams(EngineExecutionOrchestrator.java:141)\r\n\tat org.junit.platform.launcher.core.EngineExecutionOrchestrator.execute(EngineExecutionOrchestrator.java:57)\r\n\tat org.junit.platform.launcher.core.DefaultLauncher.execute(DefaultLauncher.java:103)\r\n\tat org.junit.platform.launcher.core.DefaultLauncher.execute(DefaultLauncher.java:85)\r\n\tat org.junit.platform.launcher.core.DelegatingLauncher.execute(DelegatingLauncher.java:47)\r\n\tat org.junit.platform.launcher.core.SessionPerRequestLauncher.execute(SessionPerRequestLauncher.java:63)\r\n\tat com.intellij.junit5.JUnit5IdeaTestRunner.startRunnerWithArgs(JUnit5IdeaTestRunner.java:57)\r\n\tat com.intellij.rt.junit.IdeaTestRunner$Repeater$1.execute(IdeaTestRunner.java:38)\r\n\tat com.intellij.rt.execution.junit.TestsRepeater.repeat(TestsRepeater.java:11)\r\n\tat com.intellij.rt.junit.IdeaTestRunner$Repeater.startRunnerWithArgs(IdeaTestRunner.java:35)\r\n\tat com.intellij.rt.junit.JUnitStarter.prepareStreamsAndStart(JUnitStarter.java:232)\r\n\tat com.intellij.rt.junit.JUnitStarter.main(JUnitStarter.java:55)\r\nCaused by: org.openqa.selenium.NoSuchElementException: no such element: Unable to locate element: {\"method\":\"css selector\",\"selector\":\"#delete-record-1 > svg\"}\n  (Session info: chrome=138.0.7204.184)\nFor documentation on this error, please visit: https://www.selenium.dev/documentation/webdriver/troubleshooting/errors#no-such-element-exception\nBuild info: version: '4.34.0', revision: '707dcb4246*'\nSystem info: os.name: 'Windows 10', os.arch: 'amd64', os.version: '10.0', java.version: '21.0.6'\nDriver info: org.openqa.selenium.chrome.ChromeDriver\nCommand: [02d780dd11cf87824e8a41357c7174e0, findElement {value=#delete-record-1 > svg, using=css selector}]\nCapabilities {acceptInsecureCerts: true, browserName: chrome, browserVersion: 138.0.7204.184, chrome: {chromedriverVersion: 138.0.7204.183 (e90faf484dd..., userDataDir: C:\\Users\\freer\\AppData\\Loca...}, fedcm:accounts: true, goog:chromeOptions: {debuggerAddress: localhost:54002}, networkConnectionEnabled: false, pageLoadStrategy: eager, platformName: windows, proxy: Proxy(), se:cdp: ws://localhost:54002/devtoo..., se:cdpVersion: 138.0.7204.184, setWindowRect: true, strictFileInteractability: false, timeouts: {implicit: 0, pageLoad: 300000, script: 30000}, unhandledPromptBehavior: accept, webauthn:extension:credBlob: true, webauthn:extension:largeBlob: true, webauthn:extension:minPinLength: true, webauthn:extension:prf: true, webauthn:virtualAuthenticators: true}\nSession ID: 02d780dd11cf87824e8a41357c7174e0\r\n\tat java.base/jdk.internal.reflect.DirectConstructorHandleAccessor.newInstance(DirectConstructorHandleAccessor.java:62)\r\n\tat java.base/java.lang.reflect.Constructor.newInstanceWithCaller(Constructor.java:502)\r\n\tat java.base/java.lang.reflect.Constructor.newInstance(Constructor.java:486)\r\n\tat org.openqa.selenium.remote.ErrorCodec.decode(ErrorCodec.java:167)\r\n\tat org.openqa.selenium.remote.codec.w3c.W3CHttpResponseCodec.decode(W3CHttpResponseCodec.java:138)\r\n\tat org.openqa.selenium.remote.codec.w3c.W3CHttpResponseCodec.decode(W3CHttpResponseCodec.java:50)\r\n\tat org.openqa.selenium.remote.HttpCommandExecutor.execute(HttpCommandExecutor.java:215)\r\n\tat org.openqa.selenium.remote.service.DriverCommandExecutor.invokeExecute(DriverCommandExecutor.java:216)\r\n\tat org.openqa.selenium.remote.service.DriverCommandExecutor.execute(DriverCommandExecutor.java:174)\r\n\tat org.openqa.selenium.remote.RemoteWebDriver.execute(RemoteWebDriver.java:544)\r\n\tat org.openqa.selenium.remote.ElementLocation$ElementFinder$2.findElement(ElementLocation.java:165)\r\n\tat org.openqa.selenium.remote.ElementLocation.findElement(ElementLocation.java:59)\r\n\tat org.openqa.selenium.remote.RemoteWebDriver.findElement(RemoteWebDriver.java:367)\r\n\tat org.openqa.selenium.remote.RemoteWebDriver.findElement(RemoteWebDriver.java:361)\r\n\tat com.codeborne.selenide.impl.WebElementSelector.findElement(WebElementSelector.java:67)\r\n\tat com.codeborne.selenide.impl.WebElementSelector.findElement(WebElementSelector.java:38)\r\n\tat com.codeborne.selenide.impl.WebElementSelector.findElement(WebElementSelector.java:29)\r\n\tat com.codeborne.selenide.impl.ElementFinder.getWebElement(ElementFinder.java:113)\r\n\tat com.codeborne.selenide.impl.WebElementSource.checkConditionAndReturnElement(WebElementSource.java:112)\r\n\t... 79 more\r\n"},"stage":"finished","steps":[],"attachments":[{"name":"Screenshot","source":"7bcb00bb-b569-42b0-a157-a78ff7da0484-attachment.png","type":"image/png"},{"name":"Page source","source":"68a2d028-006a-4f36-a876-0e63cb128394-attachment.html","type":"text/html"}],"parameters":[],"start":1754914100361,"stop":1754914104695}],"attachments":[],"parameters":[],"start":1754914097042,"stop":1754914104716}