{"uuid":"97e00020-1928-4ebd-a36c-604c19fdf5e9","historyId":"84f104fbfe32011b95d2cabc2b4caf10","testCaseId":"[engine:junit-jupiter]/[class:UiTest]/[method:webTableTest()]","testCaseName":"Работа с таблицей пользователей","fullName":"UiTest.webTableTest","labels":[{"name":"junit.platform.uniqueid","value":"[engine:junit-jupiter]/[class:UiTest]/[method:webTableTest()]"},{"name":"host","value":"DESKTOP-OHCO9HB"},{"name":"thread","value":"13460@DESKTOP-OHCO9HB.main(1)"},{"name":"framework","value":"junit-platform"},{"name":"language","value":"java"},{"name":"package","value":"UiTest"},{"name":"testClass","value":"UiTest"},{"name":"testMethod","value":"webTableTest"},{"name":"suite","value":"UiTest"}],"links":[],"name":"Работа с таблицей пользователей","status":"failed","statusDetails":{"known":false,"muted":false,"flaky":false,"message":"Element not found {.rt-tbody .rt-tr:not(.-padRow).findBy(text \"Ezekiel\")}\r\nExpected: exist\r\nScreenshot: file:/C:/Users/freer/OneDrive/Desktop/AQA/SelenideTest/build/reports/tests/1754990967707.0.png\r\nPage source: file:/C:/Users/freer/OneDrive/Desktop/AQA/SelenideTest/build/reports/tests/1754990967707.0.html\r\nTimeout: 4 s.\r\nCaused by: NoSuchElementException: Cannot locate an element .rt-tbody .rt-tr:not(.-padRow).findBy(text \"Ezekiel\")","trace":"Element not found {.rt-tbody .rt-tr:not(.-padRow).findBy(text \"Ezekiel\")}\r\nExpected: exist\r\nScreenshot: file:/C:/Users/freer/OneDrive/Desktop/AQA/SelenideTest/build/reports/tests/1754990967707.0.png\r\nPage source: file:/C:/Users/freer/OneDrive/Desktop/AQA/SelenideTest/build/reports/tests/1754990967707.0.html\r\nTimeout: 4 s.\r\nCaused by: NoSuchElementException: Cannot locate an element .rt-tbody .rt-tr:not(.-padRow).findBy(text \"Ezekiel\")\r\n\tat com.codeborne.selenide.impl.WebElementSource.createElementNotFoundError(WebElementSource.java:89)\r\n\tat com.codeborne.selenide.impl.WebElementSource.handleError(WebElementSource.java:140)\r\n\tat com.codeborne.selenide.impl.WebElementSource.checkConditionAndReturnElement(WebElementSource.java:123)\r\n\tat com.codeborne.selenide.impl.WebElementSource.checkCondition(WebElementSource.java:99)\r\n\tat com.codeborne.selenide.impl.ElementFinder.createElementNotFoundError(ElementFinder.java:126)\r\n\tat com.codeborne.selenide.impl.WebElementSource.handleError(WebElementSource.java:140)\r\n\tat com.codeborne.selenide.impl.WebElementSource.checkConditionAndReturnElement(WebElementSource.java:123)\r\n\tat com.codeborne.selenide.impl.WebElementSource.findAndAssertElementIsClickable(WebElementSource.java:169)\r\n\tat com.codeborne.selenide.commands.Click.findElement(Click.java:53)\r\n\tat com.codeborne.selenide.commands.Click.execute(Click.java:39)\r\n\tat com.codeborne.selenide.FluentCommand.execute(FluentCommand.java:27)\r\n\tat com.codeborne.selenide.FluentCommand.execute(FluentCommand.java:19)\r\n\tat com.codeborne.selenide.commands.Commands.execute(Commands.java:160)\r\n\tat com.codeborne.selenide.impl.SelenideElementProxy.dispatchAndRetry(SelenideElementProxy.java:131)\r\n\tat com.codeborne.selenide.impl.SelenideElementProxy.invoke(SelenideElementProxy.java:83)\r\n\tat jdk.proxy2/jdk.proxy2.$Proxy11.click(Unknown Source)\r\n\tat WebTables.editRow(WebTables.java:64)\r\n\tat UiTest.webTableTest(UiTest.java:66)\r\n\tat java.base/java.lang.reflect.Method.invoke(Method.java:580)\r\n\tat java.base/java.util.ArrayList.forEach(ArrayList.java:1596)\r\n\tat java.base/java.util.ArrayList.forEach(ArrayList.java:1596)\r\nCaused by: org.openqa.selenium.NoSuchElementException: Cannot locate an element .rt-tbody .rt-tr:not(.-padRow).findBy(text \"Ezekiel\")\nFor documentation on this error, please visit: https://www.selenium.dev/documentation/webdriver/troubleshooting/errors#no-such-element-exception\nBuild info: version: '4.34.0', revision: '707dcb4246*'\nSystem info: os.name: 'Windows 10', os.arch: 'amd64', os.version: '10.0', java.version: '21.0.6'\nDriver info: driver.version: unknown\r\n\tat com.codeborne.selenide.impl.CollectionElementByCondition.getWebElement(CollectionElementByCondition.java:46)\r\n\tat com.codeborne.selenide.impl.WebElementSource.checkConditionAndReturnElement(WebElementSource.java:112)\r\n\t... 18 more\r\n"},"stage":"finished","description":"","steps":[{"name":"$(\"open\") https://demoqa.com/webtables","status":"passed","stage":"finished","steps":[{"name":"$(\"webdriver\") create()","status":"passed","stage":"finished","steps":[],"attachments":[],"parameters":[],"start":1754990960041,"stop":1754990961111}],"attachments":[],"parameters":[],"start":1754990960033,"stop":1754990962346},{"name":"$(\".rt-tbody .rt-tr:not(.-padRow).snapshot(3 elements)[0]/.rt-td.snapshot(7 elements)[0]\") get text()","status":"passed","stage":"finished","steps":[],"attachments":[],"parameters":[],"start":1754990962446,"stop":1754990962465},{"name":"$(\".rt-tbody .rt-tr:not(.-padRow).snapshot(3 elements)[0]/.rt-td.snapshot(7 elements)[0]\") get text()","status":"passed","stage":"finished","steps":[],"attachments":[],"parameters":[],"start":1754990962466,"stop":1754990962485},{"name":"$(\".rt-tbody .rt-tr:not(.-padRow).snapshot(3 elements)[1]/.rt-td.snapshot(7 elements)[0]\") get text()","status":"passed","stage":"finished","steps":[],"attachments":[],"parameters":[],"start":1754990962495,"stop":1754990962509},{"name":"$(\".rt-tbody .rt-tr:not(.-padRow).snapshot(3 elements)[1]/.rt-td.snapshot(7 elements)[0]\") get text()","status":"passed","stage":"finished","steps":[],"attachments":[],"parameters":[],"start":1754990962509,"stop":1754990962522},{"name":"$(\".rt-tbody .rt-tr:not(.-padRow).snapshot(3 elements)[2]/.rt-td.snapshot(7 elements)[0]\") get text()","status":"passed","stage":"finished","steps":[],"attachments":[],"parameters":[],"start":1754990962530,"stop":1754990962553},{"name":"$(\".rt-tbody .rt-tr:not(.-padRow).snapshot(3 elements)[2]/.rt-td.snapshot(7 elements)[0]\") get text()","status":"passed","stage":"finished","steps":[],"attachments":[],"parameters":[],"start":1754990962554,"stop":1754990962566},{"name":"$(\"#addNewRecordButton\") click()","status":"passed","stage":"finished","steps":[],"attachments":[],"parameters":[],"start":1754990962599,"stop":1754990962745},{"name":"$(\"#firstName\") set value(Aron)","status":"passed","stage":"finished","steps":[],"attachments":[],"parameters":[],"start":1754990962745,"stop":1754990962857},{"name":"$(\"#lastName\") set value(Runte)","status":"passed","stage":"finished","steps":[],"attachments":[],"parameters":[],"start":1754990962857,"stop":1754990962941},{"name":"$(\"#userEmail\") set value(emelia.quitzon@hotmail.com)","status":"passed","stage":"finished","steps":[],"attachments":[],"parameters":[],"start":1754990962941,"stop":1754990963044},{"name":"$(\"#age\") set value(41)","status":"passed","stage":"finished","steps":[],"attachments":[],"parameters":[],"start":1754990963045,"stop":1754990963115},{"name":"$(\"#salary\") set value(8033)","status":"passed","stage":"finished","steps":[],"attachments":[],"parameters":[],"start":1754990963115,"stop":1754990963185},{"name":"$(\"#department\") set value(Analyst)","status":"passed","stage":"finished","steps":[],"attachments":[],"parameters":[],"start":1754990963185,"stop":1754990963256},{"name":"$(\"#submit\") click()","status":"passed","stage":"finished","steps":[],"attachments":[],"parameters":[],"start":1754990963256,"stop":1754990963317},{"name":"$(\".rt-tbody .rt-tr:not(.-padRow).snapshot(4 elements)[0]/.rt-td.snapshot(7 elements)[0]\") get text()","status":"passed","stage":"finished","steps":[],"attachments":[],"parameters":[],"start":1754990963331,"stop":1754990963342},{"name":"$(\".rt-tbody .rt-tr:not(.-padRow).snapshot(4 elements)[0]/.rt-td.snapshot(7 elements)[0]\") get text()","status":"passed","stage":"finished","steps":[],"attachments":[],"parameters":[],"start":1754990963342,"stop":1754990963350},{"name":"$(\".rt-tbody .rt-tr:not(.-padRow).snapshot(4 elements)[1]/.rt-td.snapshot(7 elements)[0]\") get text()","status":"passed","stage":"finished","steps":[],"attachments":[],"parameters":[],"start":1754990963357,"stop":1754990963367},{"name":"$(\".rt-tbody .rt-tr:not(.-padRow).snapshot(4 elements)[1]/.rt-td.snapshot(7 elements)[0]\") get text()","status":"passed","stage":"finished","steps":[],"attachments":[],"parameters":[],"start":1754990963368,"stop":1754990963380},{"name":"$(\".rt-tbody .rt-tr:not(.-padRow).snapshot(4 elements)[2]/.rt-td.snapshot(7 elements)[0]\") get text()","status":"passed","stage":"finished","steps":[],"attachments":[],"parameters":[],"start":1754990963386,"stop":1754990963395},{"name":"$(\".rt-tbody .rt-tr:not(.-padRow).snapshot(4 elements)[2]/.rt-td.snapshot(7 elements)[0]\") get text()","status":"passed","stage":"finished","steps":[],"attachments":[],"parameters":[],"start":1754990963395,"stop":1754990963404},{"name":"$(\".rt-tbody .rt-tr:not(.-padRow).snapshot(4 elements)[3]/.rt-td.snapshot(7 elements)[0]\") get text()","status":"passed","stage":"finished","steps":[],"attachments":[],"parameters":[],"start":1754990963410,"stop":1754990963419},{"name":"$(\".rt-tbody .rt-tr:not(.-padRow).snapshot(4 elements)[3]/.rt-td.snapshot(7 elements)[0]\") get text()","status":"passed","stage":"finished","steps":[],"attachments":[],"parameters":[],"start":1754990963419,"stop":1754990963428},{"name":"$(\".rt-tbody .rt-tr:not(.-padRow).findBy(text \"cierra@example.com\")/.action-buttons span[title='Delete']\") should be(clickable: interactable and enabled)","status":"passed","stage":"finished","steps":[],"attachments":[],"parameters":[],"start":1754990963432,"stop":1754990963468},{"name":"$(\".rt-tbody .rt-tr:not(.-padRow).findBy(text \"cierra@example.com\")/.action-buttons span[title='Delete']\") click()","status":"passed","stage":"finished","steps":[],"attachments":[],"parameters":[],"start":1754990963468,"stop":1754990963541},{"name":"$(\".rt-tbody .rt-tr:not(.-padRow).findBy(text \"Alden\")/.action-buttons span[title='Delete']\") should be(clickable: interactable and enabled)","status":"passed","stage":"finished","steps":[],"attachments":[],"parameters":[],"start":1754990963541,"stop":1754990963573},{"name":"$(\".rt-tbody .rt-tr:not(.-padRow).findBy(text \"Alden\")/.action-buttons span[title='Delete']\") click()","status":"passed","stage":"finished","steps":[],"attachments":[],"parameters":[],"start":1754990963573,"stop":1754990963640},{"name":"$(\".rt-tbody .rt-tr:not(.-padRow).snapshot(2 elements)[0]/.rt-td.snapshot(7 elements)[0]\") get text()","status":"passed","stage":"finished","steps":[],"attachments":[],"parameters":[],"start":1754990963653,"stop":1754990963663},{"name":"$(\".rt-tbody .rt-tr:not(.-padRow).snapshot(2 elements)[0]/.rt-td.snapshot(7 elements)[0]\") get text()","status":"passed","stage":"finished","steps":[],"attachments":[],"parameters":[],"start":1754990963663,"stop":1754990963672},{"name":"$(\".rt-tbody .rt-tr:not(.-padRow).snapshot(2 elements)[1]/.rt-td.snapshot(7 elements)[0]\") get text()","status":"passed","stage":"finished","steps":[],"attachments":[],"parameters":[],"start":1754990963677,"stop":1754990963686},{"name":"$(\".rt-tbody .rt-tr:not(.-padRow).snapshot(2 elements)[1]/.rt-td.snapshot(7 elements)[0]\") get text()","status":"passed","stage":"finished","steps":[],"attachments":[],"parameters":[],"start":1754990963686,"stop":1754990963694},{"name":"$(\".rt-tbody .rt-tr:not(.-padRow).findBy(text \"Ezekiel\")/.action-buttons span[title='Edit']\") click()","status":"failed","statusDetails":{"known":false,"muted":false,"flaky":false,"message":"Element not found {.rt-tbody .rt-tr:not(.-padRow).findBy(text \"Ezekiel\")}\r\nExpected: exist\r\nScreenshot: file:/C:/Users/freer/OneDrive/Desktop/AQA/SelenideTest/build/reports/tests/1754990967707.0.png\r\nPage source: file:/C:/Users/freer/OneDrive/Desktop/AQA/SelenideTest/build/reports/tests/1754990967707.0.html\r\nTimeout: 4 s.\r\nCaused by: NoSuchElementException: Cannot locate an element .rt-tbody .rt-tr:not(.-padRow).findBy(text \"Ezekiel\")","trace":"Element not found {.rt-tbody .rt-tr:not(.-padRow).findBy(text \"Ezekiel\")}\r\nExpected: exist\r\nScreenshot: file:/C:/Users/freer/OneDrive/Desktop/AQA/SelenideTest/build/reports/tests/1754990967707.0.png\r\nPage source: file:/C:/Users/freer/OneDrive/Desktop/AQA/SelenideTest/build/reports/tests/1754990967707.0.html\r\nTimeout: 4 s.\r\nCaused by: NoSuchElementException: Cannot locate an element .rt-tbody .rt-tr:not(.-padRow).findBy(text \"Ezekiel\")\r\n\tat com.codeborne.selenide.impl.WebElementSource.createElementNotFoundError(WebElementSource.java:89)\r\n\tat com.codeborne.selenide.impl.WebElementSource.handleError(WebElementSource.java:140)\r\n\tat com.codeborne.selenide.impl.WebElementSource.checkConditionAndReturnElement(WebElementSource.java:123)\r\n\tat com.codeborne.selenide.impl.WebElementSource.checkCondition(WebElementSource.java:99)\r\n\tat com.codeborne.selenide.impl.ElementFinder.createElementNotFoundError(ElementFinder.java:126)\r\n\tat com.codeborne.selenide.impl.WebElementSource.handleError(WebElementSource.java:140)\r\n\tat com.codeborne.selenide.impl.WebElementSource.checkConditionAndReturnElement(WebElementSource.java:123)\r\n\tat com.codeborne.selenide.impl.WebElementSource.findAndAssertElementIsClickable(WebElementSource.java:169)\r\n\tat com.codeborne.selenide.commands.Click.findElement(Click.java:53)\r\n\tat com.codeborne.selenide.commands.Click.execute(Click.java:39)\r\n\tat com.codeborne.selenide.FluentCommand.execute(FluentCommand.java:27)\r\n\tat com.codeborne.selenide.FluentCommand.execute(FluentCommand.java:19)\r\n\tat com.codeborne.selenide.commands.Commands.execute(Commands.java:160)\r\n\tat com.codeborne.selenide.impl.SelenideElementProxy.dispatchAndRetry(SelenideElementProxy.java:131)\r\n\tat com.codeborne.selenide.impl.SelenideElementProxy.invoke(SelenideElementProxy.java:83)\r\n\tat jdk.proxy2/jdk.proxy2.$Proxy11.click(Unknown Source)\r\n\tat WebTables.editRow(WebTables.java:64)\r\n\tat UiTest.webTableTest(UiTest.java:66)\r\n\tat java.base/jdk.internal.reflect.DirectMethodHandleAccessor.invoke(DirectMethodHandleAccessor.java:103)\r\n\tat java.base/java.lang.reflect.Method.invoke(Method.java:580)\r\n\tat org.junit.platform.commons.util.ReflectionUtils.invokeMethod(ReflectionUtils.java:728)\r\n\tat org.junit.jupiter.engine.execution.MethodInvocation.proceed(MethodInvocation.java:60)\r\n\tat org.junit.jupiter.engine.execution.InvocationInterceptorChain$ValidatingInvocation.proceed(InvocationInterceptorChain.java:131)\r\n\tat org.junit.jupiter.engine.extension.TimeoutExtension.intercept(TimeoutExtension.java:156)\r\n\tat org.junit.jupiter.engine.extension.TimeoutExtension.interceptTestableMethod(TimeoutExtension.java:147)\r\n\tat org.junit.jupiter.engine.extension.TimeoutExtension.interceptTestMethod(TimeoutExtension.java:86)\r\n\tat org.junit.jupiter.engine.execution.InterceptingExecutableInvoker$ReflectiveInterceptorCall.lambda$ofVoidMethod$0(InterceptingExecutableInvoker.java:103)\r\n\tat org.junit.jupiter.engine.execution.InterceptingExecutableInvoker.lambda$invoke$0(InterceptingExecutableInvoker.java:93)\r\n\tat org.junit.jupiter.engine.execution.InvocationInterceptorChain$InterceptedInvocation.proceed(InvocationInterceptorChain.java:106)\r\n\tat org.junit.jupiter.engine.execution.InvocationInterceptorChain.proceed(InvocationInterceptorChain.java:64)\r\n\tat org.junit.jupiter.engine.execution.InvocationInterceptorChain.chainAndInvoke(InvocationInterceptorChain.java:45)\r\n\tat org.junit.jupiter.engine.execution.InvocationInterceptorChain.invoke(InvocationInterceptorChain.java:37)\r\n\tat org.junit.jupiter.engine.execution.InterceptingExecutableInvoker.invoke(InterceptingExecutableInvoker.java:92)\r\n\tat org.junit.jupiter.engine.execution.InterceptingExecutableInvoker.invoke(InterceptingExecutableInvoker.java:86)\r\n\tat org.junit.jupiter.engine.descriptor.TestMethodTestDescriptor.lambda$invokeTestMethod$7(TestMethodTestDescriptor.java:218)\r\n\tat org.junit.platform.engine.support.hierarchical.ThrowableCollector.execute(ThrowableCollector.java:73)\r\n\tat org.junit.jupiter.engine.descriptor.TestMethodTestDescriptor.invokeTestMethod(TestMethodTestDescriptor.java:214)\r\n\tat org.junit.jupiter.engine.descriptor.TestMethodTestDescriptor.execute(TestMethodTestDescriptor.java:139)\r\n\tat org.junit.jupiter.engine.descriptor.TestMethodTestDescriptor.execute(TestMethodTestDescriptor.java:69)\r\n\tat org.junit.platform.engine.support.hierarchical.NodeTestTask.lambda$executeRecursively$6(NodeTestTask.java:151)\r\n\tat org.junit.platform.engine.support.hierarchical.ThrowableCollector.execute(ThrowableCollector.java:73)\r\n\tat org.junit.platform.engine.support.hierarchical.NodeTestTask.lambda$executeRecursively$8(NodeTestTask.java:141)\r\n\tat org.junit.platform.engine.support.hierarchical.Node.around(Node.java:137)\r\n\tat org.junit.platform.engine.support.hierarchical.NodeTestTask.lambda$executeRecursively$9(NodeTestTask.java:139)\r\n\tat org.junit.platform.engine.support.hierarchical.ThrowableCollector.execute(ThrowableCollector.java:73)\r\n\tat org.junit.platform.engine.support.hierarchical.NodeTestTask.executeRecursively(NodeTestTask.java:138)\r\n\tat org.junit.platform.engine.support.hierarchical.NodeTestTask.execute(NodeTestTask.java:95)\r\n\tat java.base/java.util.ArrayList.forEach(ArrayList.java:1596)\r\n\tat org.junit.platform.engine.support.hierarchical.SameThreadHierarchicalTestExecutorService.invokeAll(SameThreadHierarchicalTestExecutorService.java:41)\r\n\tat org.junit.platform.engine.support.hierarchical.NodeTestTask.lambda$executeRecursively$6(NodeTestTask.java:155)\r\n\tat org.junit.platform.engine.support.hierarchical.ThrowableCollector.execute(ThrowableCollector.java:73)\r\n\tat org.junit.platform.engine.support.hierarchical.NodeTestTask.lambda$executeRecursively$8(NodeTestTask.java:141)\r\n\tat org.junit.platform.engine.support.hierarchical.Node.around(Node.java:137)\r\n\tat org.junit.platform.engine.support.hierarchical.NodeTestTask.lambda$executeRecursively$9(NodeTestTask.java:139)\r\n\tat org.junit.platform.engine.support.hierarchical.ThrowableCollector.execute(ThrowableCollector.java:73)\r\n\tat org.junit.platform.engine.support.hierarchical.NodeTestTask.executeRecursively(NodeTestTask.java:138)\r\n\tat org.junit.platform.engine.support.hierarchical.NodeTestTask.execute(NodeTestTask.java:95)\r\n\tat java.base/java.util.ArrayList.forEach(ArrayList.java:1596)\r\n\tat org.junit.platform.engine.support.hierarchical.SameThreadHierarchicalTestExecutorService.invokeAll(SameThreadHierarchicalTestExecutorService.java:41)\r\n\tat org.junit.platform.engine.support.hierarchical.NodeTestTask.lambda$executeRecursively$6(NodeTestTask.java:155)\r\n\tat org.junit.platform.engine.support.hierarchical.ThrowableCollector.execute(ThrowableCollector.java:73)\r\n\tat org.junit.platform.engine.support.hierarchical.NodeTestTask.lambda$executeRecursively$8(NodeTestTask.java:141)\r\n\tat org.junit.platform.engine.support.hierarchical.Node.around(Node.java:137)\r\n\tat org.junit.platform.engine.support.hierarchical.NodeTestTask.lambda$executeRecursively$9(NodeTestTask.java:139)\r\n\tat org.junit.platform.engine.support.hierarchical.ThrowableCollector.execute(ThrowableCollector.java:73)\r\n\tat org.junit.platform.engine.support.hierarchical.NodeTestTask.executeRecursively(NodeTestTask.java:138)\r\n\tat org.junit.platform.engine.support.hierarchical.NodeTestTask.execute(NodeTestTask.java:95)\r\n\tat org.junit.platform.engine.support.hierarchical.SameThreadHierarchicalTestExecutorService.submit(SameThreadHierarchicalTestExecutorService.java:35)\r\n\tat org.junit.platform.engine.support.hierarchical.HierarchicalTestExecutor.execute(HierarchicalTestExecutor.java:57)\r\n\tat org.junit.platform.engine.support.hierarchical.HierarchicalTestEngine.execute(HierarchicalTestEngine.java:54)\r\n\tat org.junit.platform.launcher.core.EngineExecutionOrchestrator.execute(EngineExecutionOrchestrator.java:198)\r\n\tat org.junit.platform.launcher.core.EngineExecutionOrchestrator.execute(EngineExecutionOrchestrator.java:169)\r\n\tat org.junit.platform.launcher.core.EngineExecutionOrchestrator.execute(EngineExecutionOrchestrator.java:93)\r\n\tat org.junit.platform.launcher.core.EngineExecutionOrchestrator.lambda$execute$0(EngineExecutionOrchestrator.java:58)\r\n\tat org.junit.platform.launcher.core.EngineExecutionOrchestrator.withInterceptedStreams(EngineExecutionOrchestrator.java:141)\r\n\tat org.junit.platform.launcher.core.EngineExecutionOrchestrator.execute(EngineExecutionOrchestrator.java:57)\r\n\tat org.junit.platform.launcher.core.DefaultLauncher.execute(DefaultLauncher.java:103)\r\n\tat org.junit.platform.launcher.core.DefaultLauncher.execute(DefaultLauncher.java:85)\r\n\tat org.junit.platform.launcher.core.DelegatingLauncher.execute(DelegatingLauncher.java:47)\r\n\tat org.junit.platform.launcher.core.SessionPerRequestLauncher.execute(SessionPerRequestLauncher.java:63)\r\n\tat com.intellij.junit5.JUnit5IdeaTestRunner.startRunnerWithArgs(JUnit5IdeaTestRunner.java:57)\r\n\tat com.intellij.rt.junit.IdeaTestRunner$Repeater$1.execute(IdeaTestRunner.java:38)\r\n\tat com.intellij.rt.execution.junit.TestsRepeater.repeat(TestsRepeater.java:11)\r\n\tat com.intellij.rt.junit.IdeaTestRunner$Repeater.startRunnerWithArgs(IdeaTestRunner.java:35)\r\n\tat com.intellij.rt.junit.JUnitStarter.prepareStreamsAndStart(JUnitStarter.java:232)\r\n\tat com.intellij.rt.junit.JUnitStarter.main(JUnitStarter.java:55)\r\nCaused by: org.openqa.selenium.NoSuchElementException: Cannot locate an element .rt-tbody .rt-tr:not(.-padRow).findBy(text \"Ezekiel\")\nFor documentation on this error, please visit: https://www.selenium.dev/documentation/webdriver/troubleshooting/errors#no-such-element-exception\nBuild info: version: '4.34.0', revision: '707dcb4246*'\nSystem info: os.name: 'Windows 10', os.arch: 'amd64', os.version: '10.0', java.version: '21.0.6'\nDriver info: driver.version: unknown\r\n\tat com.codeborne.selenide.impl.CollectionElementByCondition.getWebElement(CollectionElementByCondition.java:46)\r\n\tat com.codeborne.selenide.impl.WebElementSource.checkConditionAndReturnElement(WebElementSource.java:112)\r\n\t... 83 more\r\n"},"stage":"finished","steps":[],"attachments":[{"name":"Screenshot","source":"e5223434-6e9e-4572-a99b-3766dbee140c-attachment.png","type":"image/png"},{"name":"Page source","source":"55cfeaab-30f5-4850-9486-ab6e9ee1937c-attachment.html","type":"text/html"}],"parameters":[],"start":1754990963695,"stop":1754990968000}],"attachments":[],"parameters":[],"start":1754990959592,"stop":1754990968018}